<?xml version="1.0" encoding="UTF-8"?>
<testng-results skipped="0" failed="0" total="1" passed="1">
  <reporter-output>
  </reporter-output>
  <suite name="System Test Suite" duration-ms="45" started-at="2017-07-24T17:27:39Z" finished-at="2017-07-24T17:27:40Z">
    <groups>
    </groups>
    <test name="Test" duration-ms="45" started-at="2017-07-24T17:27:39Z" finished-at="2017-07-24T17:27:40Z">
      <class name="com.example.TestControllerTest">
        <test-method status="PASS" signature="populateDefaultValue()[pri:0, instance:com.example.TestControllerTest@63753b6d]" name="populateDefaultValue" duration-ms="7" started-at="2017-07-24T13:27:39Z" finished-at="2017-07-24T13:27:40Z">
          <reporter-output>
          </reporter-output>
        </test-method> <!-- populateDefaultValue -->
      </class> <!-- com.example.TestControllerTest -->
    </test> <!-- Test -->
  </suite> <!-- System Test Suite -->
</testng-results>
